<?xml version="1.0" encoding="UTF-8"?>
<!-- Generated by org.testng.reporters.JUnitXMLReporter -->
<testsuite ignored="3" hostname="abdulraheemPC" failures="0" tests="5" name="Default test" time="27.067" errors="0" timestamp="2025-09-15T20:24:18 EET">
  <testcase classname="Automation.MyTestcases" name="AddItemToTheCart" time="4.432"/>
  <testcase classname="Automation.MyTestcases" name="AddItemToTheCart" time="5.874"/>
  <testcase classname="Automation.MyTestcases" name="AddItemToTheCart" time="7.202"/>
  <testcase classname="Automation.MyTestcases" name="AddItemToTheCart" time="3.51"/>
  <testcase classname="Automation.MyTestcases" name="AddItemToTheCart" time="3.526"/>
  <testcase classname="Automation.MyTestcases" name="LogoutTest" time="0.0">
    <ignored/>
  </testcase> <!-- LogoutTest -->
  <testcase classname="Automation.MyTestcases" name="Login" time="0.0">
    <ignored/>
  </testcase> <!-- Login -->
  <testcase classname="Automation.MyTestcases" name="SignupTest" time="0.0">
    <ignored/>
  </testcase> <!-- SignupTest -->
</testsuite> <!-- Default test -->
