<?xml version="1.0" encoding="UTF-8"?>
<testng-results ignored="3" total="8" passed="5" failed="0" skipped="0">
  <reporter-output>
  </reporter-output>
  <suite started-at="2025-09-15T20:23:51 EET" name="Default suite" finished-at="2025-09-15T20:24:18 EET" duration-ms="27067">
    <groups>
    </groups>
    <test started-at="2025-09-15T20:23:51 EET" name="Default test" finished-at="2025-09-15T20:24:18 EET" duration-ms="27067">
      <class name="Automation.MyTestcases">
        <test-method is-config="true" signature="mySetup()[pri:0, instance:Automation.MyTestcases@260e86a1]" started-at="2025-09-15T20:23:51 EET" name="mySetup" finished-at="2025-09-15T20:23:53 EET" duration-ms="2476" status="PASS">
          <reporter-output>
          </reporter-output>
        </test-method> <!-- mySetup -->
        <test-method signature="AddItemToTheCart()[pri:4, instance:Automation.MyTestcases@260e86a1]" started-at="2025-09-15T20:23:53 EET" name="AddItemToTheCart" finished-at="2025-09-15T20:23:58 EET" duration-ms="4432" status="PASS">
          <reporter-output>
          </reporter-output>
        </test-method> <!-- AddItemToTheCart -->
        <test-method signature="AddItemToTheCart()[pri:4, instance:Automation.MyTestcases@260e86a1]" started-at="2025-09-15T20:23:58 EET" name="AddItemToTheCart" finished-at="2025-09-15T20:24:03 EET" duration-ms="5874" status="PASS">
          <reporter-output>
          </reporter-output>
        </test-method> <!-- AddItemToTheCart -->
        <test-method signature="AddItemToTheCart()[pri:4, instance:Automation.MyTestcases@260e86a1]" started-at="2025-09-15T20:24:03 EET" name="AddItemToTheCart" finished-at="2025-09-15T20:24:11 EET" duration-ms="7202" status="PASS">
          <reporter-output>
          </reporter-output>
        </test-method> <!-- AddItemToTheCart -->
        <test-method signature="AddItemToTheCart()[pri:4, instance:Automation.MyTestcases@260e86a1]" started-at="2025-09-15T20:24:11 EET" name="AddItemToTheCart" finished-at="2025-09-15T20:24:14 EET" duration-ms="3510" status="PASS">
          <reporter-output>
          </reporter-output>
        </test-method> <!-- AddItemToTheCart -->
        <test-method signature="AddItemToTheCart()[pri:4, instance:Automation.MyTestcases@260e86a1]" started-at="2025-09-15T20:24:14 EET" name="AddItemToTheCart" finished-at="2025-09-15T20:24:18 EET" duration-ms="3526" status="PASS">
          <reporter-output>
          </reporter-output>
        </test-method> <!-- AddItemToTheCart -->
        <test-method is-config="true" signature="AfterMyTest()[pri:0, instance:Automation.MyTestcases@260e86a1]" started-at="2025-09-15T20:24:18 EET" name="AfterMyTest" finished-at="2025-09-15T20:24:18 EET" duration-ms="0" status="PASS">
          <reporter-output>
          </reporter-output>
        </test-method> <!-- AfterMyTest -->
      </class> <!-- Automation.MyTestcases -->
    </test> <!-- Default test -->
  </suite> <!-- Default suite -->
</testng-results>
